<?xml version="1.0" encoding="UTF-8"?>
<!-- Generated by org.testng.reporters.JUnitXMLReporter -->
<testsuite ignored="0" hostname="DESKTOP-77FMI0B" failures="0" tests="3" name="Default test" time="9.441" errors="0" timestamp="2025-02-07T23:29:02 IST">
  <testcase classname="com.api.tests.CountryTranslationTest" name="testCountryTranslation" time="4.377"/>
  <testcase classname="com.api.tests.CountryTranslationTest" name="testCountryTranslation" time="0.885"/>
  <testcase classname="com.api.tests.CountryTranslationTest" name="testCountryTranslation" time="0.792"/>
</testsuite> <!-- Default test -->
