<?xml version="1.0" encoding="UTF-8"?>
<testng-results ignored="0" total="3" passed="3" failed="0" skipped="0">
  <reporter-output>
  </reporter-output>
  <suite started-at="2025-02-07T23:28:53 IST" name="Default suite" finished-at="2025-02-07T23:29:02 IST" duration-ms="9441">
    <groups>
    </groups>
    <test started-at="2025-02-07T23:28:53 IST" name="Default test" finished-at="2025-02-07T23:29:02 IST" duration-ms="9441">
      <class name="com.api.tests.CountryTranslationTest">
        <test-method is-config="true" signature="setup()[pri:0, instance:com.api.tests.CountryTranslationTest@4d1c00d0]" started-at="2025-02-07T23:28:53 IST" name="setup" finished-at="2025-02-07T23:28:54 IST" duration-ms="1178" status="PASS">
          <reporter-output>
          </reporter-output>
        </test-method> <!-- setup -->
        <test-method signature="testCountryTranslation(java.lang.String)[pri:0, instance:com.api.tests.CountryTranslationTest@4d1c00d0]" started-at="2025-02-07T23:28:56 IST" name="testCountryTranslation" data-provider="translations" finished-at="2025-02-07T23:29:01 IST" duration-ms="4377" status="PASS">
          <params>
            <param index="0">
              <value>
                <![CDATA[germany]]>
              </value>
            </param>
          </params>
          <reporter-output>
          </reporter-output>
        </test-method> <!-- testCountryTranslation -->
        <test-method signature="testCountryTranslation(java.lang.String)[pri:0, instance:com.api.tests.CountryTranslationTest@4d1c00d0]" started-at="2025-02-07T23:29:01 IST" name="testCountryTranslation" data-provider="translations" finished-at="2025-02-07T23:29:01 IST" duration-ms="885" status="PASS">
          <params>
            <param index="0">
              <value>
                <![CDATA[alemania]]>
              </value>
            </param>
          </params>
          <reporter-output>
          </reporter-output>
        </test-method> <!-- testCountryTranslation -->
        <test-method signature="testCountryTranslation(java.lang.String)[pri:0, instance:com.api.tests.CountryTranslationTest@4d1c00d0]" started-at="2025-02-07T23:29:01 IST" name="testCountryTranslation" data-provider="translations" finished-at="2025-02-07T23:29:02 IST" duration-ms="792" status="PASS">
          <params>
            <param index="0">
              <value>
                <![CDATA[saksamaa]]>
              </value>
            </param>
          </params>
          <reporter-output>
          </reporter-output>
        </test-method> <!-- testCountryTranslation -->
      </class> <!-- com.api.tests.CountryTranslationTest -->
    </test> <!-- Default test -->
  </suite> <!-- Default suite -->
</testng-results>
