<?xml version="1.0" encoding="UTF-8"?>
<!-- Generated by org.testng.reporters.JUnitReportReporter -->
<testsuite hostname="DESKTOP-77FMI0B" failures="0" tests="3" name="com.api.tests.CountryTranslationTest" time="6.054" errors="0" timestamp="2025-02-07T23:29:03 IST" skipped="0">
  <testcase classname="com.api.tests.CountryTranslationTest" name="testCountryTranslation" time="0.792"/>
  <testcase classname="com.api.tests.CountryTranslationTest" name="testCountryTranslation" time="0.885"/>
  <testcase classname="com.api.tests.CountryTranslationTest" name="testCountryTranslation" time="4.377"/>
</testsuite> <!-- com.api.tests.CountryTranslationTest -->
